<?xml version="1.0" encoding="UTF-8"?>
<!-- Generated by org.testng.reporters.JUnitReportReporter -->
<testsuite skipped="0" hostname="DESKTOP-IP83E5J" name="casetestng.Parallexectweb" tests="2" failures="0" timestamp="02 Nov 2022 16:38:06 GMT" time="185.483" errors="0">
  <testcase name="PrE" time="94.872" classname="casetestng.Parallexectweb"/>
  <testcase name="PrE" time="90.611" classname="casetestng.Parallexectweb"/>
</testsuite> <!-- casetestng.Parallexectweb -->
