<?xml version="1.0" encoding="UTF-8"?>
<!-- Generated by org.testng.reporters.JUnitReportReporter -->
<testsuite skipped="0" hostname="DESKTOP-IP83E5J" name="casetestng.GrpTstng1" tests="3" failures="0" timestamp="27 Oct 2022 13:35:13 GMT" time="0.006" errors="0">
  <testcase name="GTNG012" time="0.000" classname="casetestng.GrpTstng1"/>
  <testcase name="GTNG015" time="0.005" classname="casetestng.GrpTstng1"/>
  <testcase name="GTNG013" time="0.001" classname="casetestng.GrpTstng1"/>
</testsuite> <!-- casetestng.GrpTstng1 -->
