<?xml version="1.0" encoding="UTF-8"?>
<!-- Generated by org.testng.reporters.JUnitReportReporter -->
<testsuite skipped="0" hostname="DESKTOP-IP83E5J" name="casetestng.webN" tests="1" failures="0" timestamp="28 Oct 2022 18:01:52 GMT" time="12.266" errors="0">
  <testcase name="wbc" time="12.266" classname="casetestng.webN"/>
</testsuite> <!-- casetestng.webN -->
