<?xml version="1.0" encoding="UTF-8"?>
<!-- Generated by org.testng.reporters.JUnitReportReporter -->
<testsuite skipped="0" hostname="DESKTOP-IP83E5J" name="casetestng.SuiteLevelExecution" tests="5" failures="0" timestamp="27 Oct 2022 05:58:14 GMT" time="0.026" errors="0">
  <testcase name="Test5" time="0.000" classname="casetestng.SuiteLevelExecution"/>
  <testcase name="Test1" time="0.016" classname="casetestng.SuiteLevelExecution"/>
  <testcase name="Test3" time="0.005" classname="casetestng.SuiteLevelExecution"/>
  <testcase name="Test2" time="0.002" classname="casetestng.SuiteLevelExecution"/>
  <testcase name="Test4" time="0.003" classname="casetestng.SuiteLevelExecution"/>
</testsuite> <!-- casetestng.SuiteLevelExecution -->
