<?xml version="1.0" encoding="UTF-8"?>
<!-- Generated by org.testng.reporters.JUnitReportReporter -->
<testsuite skipped="0" hostname="DESKTOP-IP83E5J" name="casetestng.Friendslist" tests="5" failures="0" timestamp="27 Oct 2022 05:46:57 GMT" time="0.020" errors="0">
  <testcase name="name" time="0.015" classname="casetestng.Friendslist"/>
  <testcase name="kirupa" time="0.000" classname="casetestng.Friendslist"/>
  <testcase name="sidesh" time="0.000" classname="casetestng.Friendslist"/>
  <testcase name="machi" time="0.000" classname="casetestng.Friendslist"/>
  <testcase name="sithesh" time="0.005" classname="casetestng.Friendslist"/>
</testsuite> <!-- casetestng.Friendslist -->
