<?xml version="1.0" encoding="UTF-8"?>
<!-- Generated by org.testng.reporters.JUnitReportReporter -->
<testsuite skipped="0" hostname="DESKTOP-IP83E5J" name="casetestng.Assert01" tests="3" failures="0" timestamp="27 Oct 2022 12:32:23 GMT" time="0.049" errors="0">
  <testcase name="at2" time="0.011" classname="casetestng.Assert01"/>
  <testcase name="at1" time="0.033" classname="casetestng.Assert01"/>
  <testcase name="at3" time="0.005" classname="casetestng.Assert01"/>
</testsuite> <!-- casetestng.Assert01 -->
