<?xml version="1.0" encoding="UTF-8"?>
<!-- Generated by org.testng.reporters.JUnitReportReporter -->
<testsuite skipped="0" hostname="DESKTOP-IP83E5J" name="casetestng.SuiteLevelExecution2" tests="5" failures="0" timestamp="27 Oct 2022 05:58:14 GMT" time="0.009" errors="0">
  <testcase name="Test20" time="0.000" classname="casetestng.SuiteLevelExecution2"/>
  <testcase name="Test30" time="0.000" classname="casetestng.SuiteLevelExecution2"/>
  <testcase name="Test50" time="0.005" classname="casetestng.SuiteLevelExecution2"/>
  <testcase name="Test40" time="0.000" classname="casetestng.SuiteLevelExecution2"/>
  <testcase name="Test10" time="0.004" classname="casetestng.SuiteLevelExecution2"/>
</testsuite> <!-- casetestng.SuiteLevelExecution2 -->
