<?xml version="1.0" encoding="UTF-8"?>
<!-- Generated by org.testng.reporters.JUnitReportReporter -->
<testsuite skipped="0" hostname="DESKTOP-IP83E5J" name="casetestng.Friendsnumber" tests="5" failures="0" timestamp="27 Oct 2022 05:46:57 GMT" time="0.015" errors="0">
  <testcase name="number" time="0.000" classname="casetestng.Friendsnumber"/>
  <testcase name="kirupa" time="0.000" classname="casetestng.Friendsnumber"/>
  <testcase name="sidesh" time="0.005" classname="casetestng.Friendsnumber"/>
  <testcase name="machi" time="0.005" classname="casetestng.Friendsnumber"/>
  <testcase name="sithesh" time="0.005" classname="casetestng.Friendsnumber"/>
</testsuite> <!-- casetestng.Friendsnumber -->
