<?xml version="1.0" encoding="UTF-8"?>
<!-- Generated by org.testng.reporters.JUnitReportReporter -->
<testsuite skipped="0" hostname="DESKTOP-IP83E5J" name="casetestng.prallExecut2" tests="5" failures="0" timestamp="28 Oct 2022 17:16:15 GMT" time="0.052" errors="0">
  <testcase name="pe300" time="0.010" classname="casetestng.prallExecut2"/>
  <testcase name="pe500" time="0.004" classname="casetestng.prallExecut2"/>
  <testcase name="pe100" time="0.005" classname="casetestng.prallExecut2"/>
  <testcase name="pe400" time="0.009" classname="casetestng.prallExecut2"/>
  <testcase name="pe200" time="0.024" classname="casetestng.prallExecut2"/>
</testsuite> <!-- casetestng.prallExecut2 -->
