<?xml version="1.0" encoding="UTF-8"?>
<!-- Generated by org.testng.reporters.JUnitReportReporter -->
<testsuite skipped="0" hostname="DESKTOP-IP83E5J" name="casetestng.GrpTstng3" tests="1" failures="0" timestamp="27 Oct 2022 13:35:13 GMT" time="0.016" errors="0">
  <testcase name="GTNG0130" time="0.016" classname="casetestng.GrpTstng3"/>
</testsuite> <!-- casetestng.GrpTstng3 -->
