<?xml version="1.0" encoding="UTF-8"?>
<!-- Generated by org.testng.reporters.JUnitReportReporter -->
<testsuite skipped="0" hostname="DESKTOP-IP83E5J" name="casetestng.WebDataprovider" tests="3" failures="0" timestamp="28 Oct 2022 17:00:14 GMT" time="28.810" errors="0">
  <testcase name="signuptest" time="8.294" classname="casetestng.WebDataprovider"/>
  <testcase name="signuptest" time="10.147" classname="casetestng.WebDataprovider"/>
  <testcase name="signuptest" time="10.369" classname="casetestng.WebDataprovider"/>
</testsuite> <!-- casetestng.WebDataprovider -->
