<?xml version="1.0" encoding="UTF-8"?>
<!-- Generated by org.testng.reporters.JUnitReportReporter -->
<testsuite skipped="0" hostname="DESKTOP-IP83E5J" name="casetestng.SftAssrt" tests="3" failures="0" timestamp="27 Oct 2022 13:43:59 GMT" time="0.032" errors="0">
  <testcase name="at2" time="0.012" classname="casetestng.SftAssrt"/>
  <testcase name="at3" time="0.006" classname="casetestng.SftAssrt"/>
  <testcase name="at1" time="0.014" classname="casetestng.SftAssrt"/>
</testsuite> <!-- casetestng.SftAssrt -->
