<?xml version="1.0" encoding="UTF-8"?>
<!-- Generated by org.testng.reporters.JUnitReportReporter -->
<testsuite skipped="0" hostname="DESKTOP-IP83E5J" name="casetestng.prallExecut3" tests="5" failures="0" timestamp="28 Oct 2022 17:16:15 GMT" time="0.156" errors="0">
  <testcase name="pe20" time="0.033" classname="casetestng.prallExecut3"/>
  <testcase name="pe40" time="0.033" classname="casetestng.prallExecut3"/>
  <testcase name="pe50" time="0.025" classname="casetestng.prallExecut3"/>
  <testcase name="pe10" time="0.032" classname="casetestng.prallExecut3"/>
  <testcase name="pe30" time="0.033" classname="casetestng.prallExecut3"/>
</testsuite> <!-- casetestng.prallExecut3 -->
