<?xml version="1.0" encoding="UTF-8"?>
<!-- Generated by org.testng.reporters.JUnitReportReporter -->
<testsuite skipped="0" hostname="DESKTOP-IP83E5J" name="casetestng.SuiteLevelExecution3" tests="5" failures="0" timestamp="27 Oct 2022 05:58:14 GMT" time="0.013" errors="0">
  <testcase name="Test401" time="0.001" classname="casetestng.SuiteLevelExecution3"/>
  <testcase name="Test101" time="0.006" classname="casetestng.SuiteLevelExecution3"/>
  <testcase name="Test501" time="0.003" classname="casetestng.SuiteLevelExecution3"/>
  <testcase name="Test201" time="0.001" classname="casetestng.SuiteLevelExecution3"/>
  <testcase name="Test301" time="0.002" classname="casetestng.SuiteLevelExecution3"/>
</testsuite> <!-- casetestng.SuiteLevelExecution3 -->
