<?xml version="1.0" encoding="UTF-8"?>
<!-- Generated by org.testng.reporters.JUnitReportReporter -->
<testsuite skipped="0" hostname="DESKTOP-IP83E5J" name="casetestng.PrallExecut1" tests="5" failures="0" timestamp="28 Oct 2022 17:16:15 GMT" time="0.166" errors="0">
  <testcase name="pe1" time="0.034" classname="casetestng.PrallExecut1"/>
  <testcase name="pe2" time="0.034" classname="casetestng.PrallExecut1"/>
  <testcase name="pe5" time="0.033" classname="casetestng.PrallExecut1"/>
  <testcase name="pe3" time="0.033" classname="casetestng.PrallExecut1"/>
  <testcase name="pe4" time="0.032" classname="casetestng.PrallExecut1"/>
</testsuite> <!-- casetestng.PrallExecut1 -->
