<?xml version="1.0" encoding="UTF-8"?>
<!-- Generated by org.testng.reporters.JUnitReportReporter -->
<testsuite skipped="0" hostname="DESKTOP-IP83E5J" name="casetestng.asstAdactihtl" tests="1" failures="0" timestamp="27 Oct 2022 12:49:45 GMT" time="10.161" errors="0">
  <testcase name="AADhtl" time="10.161" classname="casetestng.asstAdactihtl"/>
</testsuite> <!-- casetestng.asstAdactihtl -->
