<?xml version="1.0" encoding="UTF-8"?>
<!-- Generated by org.testng.reporters.JUnitReportReporter -->
<testsuite skipped="0" hostname="DESKTOP-IP83E5J" name="casetestng.GrpTstng2" tests="1" failures="0" timestamp="27 Oct 2022 13:35:13 GMT" time="0.005" errors="0">
  <testcase name="GTNG0131" time="0.005" classname="casetestng.GrpTstng2"/>
</testsuite> <!-- casetestng.GrpTstng2 -->
