<?xml version="1.0" encoding="UTF-8"?>
<!-- Generated by org.testng.reporters.JUnitReportReporter -->
<testsuite skipped="0" hostname="DESKTOP-IP83E5J" name="casetestng.DataProviderSignup" tests="3" failures="0" timestamp="28 Oct 2022 05:33:50 GMT" time="0.034" errors="0">
  <testcase name="Signuptest" time="0.005" classname="casetestng.DataProviderSignup"/>
  <testcase name="Signuptest" time="0.020" classname="casetestng.DataProviderSignup"/>
  <testcase name="Signuptest" time="0.009" classname="casetestng.DataProviderSignup"/>
</testsuite> <!-- casetestng.DataProviderSignup -->
