<?xml version="1.0" encoding="UTF-8"?>
<!-- Generated by org.testng.reporters.JUnitReportReporter -->
<testsuite skipped="0" hostname="DESKTOP-IP83E5J" name="casetestng.newWeb" tests="1" failures="0" timestamp="27 Oct 2022 09:05:04 GMT" time="11.737" errors="0">
  <testcase name="wp" time="11.737" classname="casetestng.newWeb"/>
</testsuite> <!-- casetestng.newWeb -->
