<?xml version="1.0" encoding="UTF-8"?>
<!-- Generated by org.testng.reporters.JUnitReportReporter -->
<testsuite skipped="2" hostname="DESKTOP-IP83E5J" name="casetestng.sample" tests="9" failures="0" timestamp="26 Oct 2022 08:39:58 GMT" time="0.036" errors="0">
  <testcase name="tc6" time="0.006" classname="casetestng.sample"/>
  <testcase name="tc4" time="0.016" classname="casetestng.sample"/>
  <testcase name="tc4" time="0.000" classname="casetestng.sample"/>
  <testcase name="tc4" time="0.006" classname="casetestng.sample"/>
  <testcase name="tc1" time="0.000" classname="casetestng.sample"/>
  <testcase name="tc7" time="0.006" classname="casetestng.sample"/>
  <testcase name="tc2" time="0.002" classname="casetestng.sample"/>
  <testcase name="tc5" classname="casetestng.sample">
    <skipped/>
  </testcase> <!-- tc5 -->
  <testcase name="tc3" classname="casetestng.sample">
    <skipped/>
  </testcase> <!-- tc3 -->
</testsuite> <!-- casetestng.sample -->
